2020-12-14 15:19:29.649  INFO 11604 --- [restartedMain] c.b.e.EmployeePayrollAppApplication      : Starting EmployeePayrollAppApplication using Java 14.0.2 on MSamI with PID 11604 (C:\Users\PC\eclipse-workspace\EmployeePayrollApp\target\classes started by Samyak in C:\Users\PC\eclipse-workspace\EmployeePayrollApp)
2020-12-14 15:19:29.651 DEBUG 11604 --- [restartedMain] c.b.e.EmployeePayrollAppApplication      : Running with Spring Boot v2.4.0, Spring v5.3.1
2020-12-14 15:19:29.651  INFO 11604 --- [restartedMain] c.b.e.EmployeePayrollAppApplication      : No active profile set, falling back to default profiles: default
2020-12-14 15:19:34.808  WARN 11604 --- [restartedMain] JpaBaseConfiguration$JpaWebConfiguration : spring.jpa.open-in-view is enabled by default. Therefore, database queries may be performed during view rendering. Explicitly configure spring.jpa.open-in-view to disable this warning
2020-12-14 15:19:36.503  INFO 11604 --- [restartedMain] c.b.e.EmployeePayrollAppApplication      : Started EmployeePayrollAppApplication in 8.101 seconds (JVM running for 908.712)
2020-12-14 15:27:52.837  INFO 11604 --- [restartedMain] c.b.e.EmployeePayrollAppApplication      : Starting EmployeePayrollAppApplication using Java 14.0.2 on MSamI with PID 11604 (C:\Users\PC\eclipse-workspace\EmployeePayrollApp\target\classes started by Samyak in C:\Users\PC\eclipse-workspace\EmployeePayrollApp)
2020-12-14 15:27:52.843 DEBUG 11604 --- [restartedMain] c.b.e.EmployeePayrollAppApplication      : Running with Spring Boot v2.4.0, Spring v5.3.1
2020-12-14 15:27:52.843  INFO 11604 --- [restartedMain] c.b.e.EmployeePayrollAppApplication      : No active profile set, falling back to default profiles: default
2020-12-14 15:27:53.634  WARN 11604 --- [restartedMain] JpaBaseConfiguration$JpaWebConfiguration : spring.jpa.open-in-view is enabled by default. Therefore, database queries may be performed during view rendering. Explicitly configure spring.jpa.open-in-view to disable this warning
2020-12-14 15:27:53.876  INFO 11604 --- [restartedMain] c.b.e.EmployeePayrollAppApplication      : Started EmployeePayrollAppApplication in 1.136 seconds (JVM running for 1406.085)
2020-12-14 15:28:49.638  INFO 11604 --- [restartedMain] c.b.e.EmployeePayrollAppApplication      : Starting EmployeePayrollAppApplication using Java 14.0.2 on MSamI with PID 11604 (C:\Users\PC\eclipse-workspace\EmployeePayrollApp\target\classes started by Samyak in C:\Users\PC\eclipse-workspace\EmployeePayrollApp)
2020-12-14 15:28:49.639 DEBUG 11604 --- [restartedMain] c.b.e.EmployeePayrollAppApplication      : Running with Spring Boot v2.4.0, Spring v5.3.1
2020-12-14 15:28:49.640  INFO 11604 --- [restartedMain] c.b.e.EmployeePayrollAppApplication      : No active profile set, falling back to default profiles: default
2020-12-14 15:28:50.259  WARN 11604 --- [restartedMain] JpaBaseConfiguration$JpaWebConfiguration : spring.jpa.open-in-view is enabled by default. Therefore, database queries may be performed during view rendering. Explicitly configure spring.jpa.open-in-view to disable this warning
2020-12-14 15:28:50.481  INFO 11604 --- [restartedMain] c.b.e.EmployeePayrollAppApplication      : Started EmployeePayrollAppApplication in 0.899 seconds (JVM running for 1462.691)
2020-12-14 15:29:24.942  INFO 11604 --- [restartedMain] c.b.e.EmployeePayrollAppApplication      : Starting EmployeePayrollAppApplication using Java 14.0.2 on MSamI with PID 11604 (C:\Users\PC\eclipse-workspace\EmployeePayrollApp\target\classes started by Samyak in C:\Users\PC\eclipse-workspace\EmployeePayrollApp)
2020-12-14 15:29:24.942 DEBUG 11604 --- [restartedMain] c.b.e.EmployeePayrollAppApplication      : Running with Spring Boot v2.4.0, Spring v5.3.1
2020-12-14 15:29:24.943  INFO 11604 --- [restartedMain] c.b.e.EmployeePayrollAppApplication      : No active profile set, falling back to default profiles: default
2020-12-14 15:29:25.547  WARN 11604 --- [restartedMain] JpaBaseConfiguration$JpaWebConfiguration : spring.jpa.open-in-view is enabled by default. Therefore, database queries may be performed during view rendering. Explicitly configure spring.jpa.open-in-view to disable this warning
2020-12-14 15:29:25.792  INFO 11604 --- [restartedMain] c.b.e.EmployeePayrollAppApplication      : Started EmployeePayrollAppApplication in 0.908 seconds (JVM running for 1498.001)
2020-12-14 15:31:11.090  INFO 11604 --- [restartedMain] c.b.e.EmployeePayrollAppApplication      : Starting EmployeePayrollAppApplication using Java 14.0.2 on MSamI with PID 11604 (C:\Users\PC\eclipse-workspace\EmployeePayrollApp\target\classes started by Samyak in C:\Users\PC\eclipse-workspace\EmployeePayrollApp)
2020-12-14 15:31:11.090 DEBUG 11604 --- [restartedMain] c.b.e.EmployeePayrollAppApplication      : Running with Spring Boot v2.4.0, Spring v5.3.1
2020-12-14 15:31:11.091  INFO 11604 --- [restartedMain] c.b.e.EmployeePayrollAppApplication      : No active profile set, falling back to default profiles: default
2020-12-14 15:31:12.234  WARN 11604 --- [restartedMain] JpaBaseConfiguration$JpaWebConfiguration : spring.jpa.open-in-view is enabled by default. Therefore, database queries may be performed during view rendering. Explicitly configure spring.jpa.open-in-view to disable this warning
2020-12-14 15:31:12.693  INFO 11604 --- [restartedMain] c.b.e.EmployeePayrollAppApplication      : Started EmployeePayrollAppApplication in 1.706 seconds (JVM running for 1604.902)
2020-12-14 15:32:07.177  INFO 11604 --- [restartedMain] c.b.e.EmployeePayrollAppApplication      : Starting EmployeePayrollAppApplication using Java 14.0.2 on MSamI with PID 11604 (C:\Users\PC\eclipse-workspace\EmployeePayrollApp\target\classes started by Samyak in C:\Users\PC\eclipse-workspace\EmployeePayrollApp)
2020-12-14 15:32:07.178 DEBUG 11604 --- [restartedMain] c.b.e.EmployeePayrollAppApplication      : Running with Spring Boot v2.4.0, Spring v5.3.1
2020-12-14 15:32:07.178  INFO 11604 --- [restartedMain] c.b.e.EmployeePayrollAppApplication      : The following profiles are active: dev
2020-12-14 15:32:07.935  WARN 11604 --- [restartedMain] JpaBaseConfiguration$JpaWebConfiguration : spring.jpa.open-in-view is enabled by default. Therefore, database queries may be performed during view rendering. Explicitly configure spring.jpa.open-in-view to disable this warning
2020-12-14 15:32:08.152  INFO 11604 --- [restartedMain] c.b.e.EmployeePayrollAppApplication      : Started EmployeePayrollAppApplication in 1.027 seconds (JVM running for 1660.36)
2020-12-14 15:32:26.975  INFO 11604 --- [restartedMain] c.b.e.EmployeePayrollAppApplication      : Starting EmployeePayrollAppApplication using Java 14.0.2 on MSamI with PID 11604 (C:\Users\PC\eclipse-workspace\EmployeePayrollApp\target\classes started by Samyak in C:\Users\PC\eclipse-workspace\EmployeePayrollApp)
2020-12-14 15:32:26.975 DEBUG 11604 --- [restartedMain] c.b.e.EmployeePayrollAppApplication      : Running with Spring Boot v2.4.0, Spring v5.3.1
2020-12-14 15:32:26.976  INFO 11604 --- [restartedMain] c.b.e.EmployeePayrollAppApplication      : The following profiles are active: dev
2020-12-14 15:32:27.587  WARN 11604 --- [restartedMain] JpaBaseConfiguration$JpaWebConfiguration : spring.jpa.open-in-view is enabled by default. Therefore, database queries may be performed during view rendering. Explicitly configure spring.jpa.open-in-view to disable this warning
2020-12-14 15:32:27.806  INFO 11604 --- [restartedMain] c.b.e.EmployeePayrollAppApplication      : Started EmployeePayrollAppApplication in 0.888 seconds (JVM running for 1680.015)
2020-12-14 15:32:39.599  INFO 11604 --- [restartedMain] c.b.e.EmployeePayrollAppApplication      : Starting EmployeePayrollAppApplication using Java 14.0.2 on MSamI with PID 11604 (C:\Users\PC\eclipse-workspace\EmployeePayrollApp\target\classes started by Samyak in C:\Users\PC\eclipse-workspace\EmployeePayrollApp)
2020-12-14 15:32:39.600 DEBUG 11604 --- [restartedMain] c.b.e.EmployeePayrollAppApplication      : Running with Spring Boot v2.4.0, Spring v5.3.1
2020-12-14 15:32:39.600  INFO 11604 --- [restartedMain] c.b.e.EmployeePayrollAppApplication      : The following profiles are active: dev
2020-12-14 15:32:40.196  WARN 11604 --- [restartedMain] JpaBaseConfiguration$JpaWebConfiguration : spring.jpa.open-in-view is enabled by default. Therefore, database queries may be performed during view rendering. Explicitly configure spring.jpa.open-in-view to disable this warning
2020-12-14 15:32:40.409  INFO 11604 --- [restartedMain] c.b.e.EmployeePayrollAppApplication      : Started EmployeePayrollAppApplication in 0.864 seconds (JVM running for 1692.618)
2020-12-14 15:36:32.273  INFO 11604 --- [restartedMain] c.b.e.EmployeePayrollAppApplication      : Starting EmployeePayrollAppApplication using Java 14.0.2 on MSamI with PID 11604 (C:\Users\PC\eclipse-workspace\EmployeePayrollApp\target\classes started by Samyak in C:\Users\PC\eclipse-workspace\EmployeePayrollApp)
2020-12-14 15:36:32.274 DEBUG 11604 --- [restartedMain] c.b.e.EmployeePayrollAppApplication      : Running with Spring Boot v2.4.0, Spring v5.3.1
2020-12-14 15:36:32.274  INFO 11604 --- [restartedMain] c.b.e.EmployeePayrollAppApplication      : The following profiles are active: dev
2020-12-14 15:36:32.902  WARN 11604 --- [restartedMain] JpaBaseConfiguration$JpaWebConfiguration : spring.jpa.open-in-view is enabled by default. Therefore, database queries may be performed during view rendering. Explicitly configure spring.jpa.open-in-view to disable this warning
2020-12-14 15:36:33.121  INFO 11604 --- [restartedMain] c.b.e.EmployeePayrollAppApplication      : Started EmployeePayrollAppApplication in 0.895 seconds (JVM running for 1925.33)
2020-12-14 15:36:53.178  INFO 11604 --- [restartedMain] c.b.e.EmployeePayrollAppApplication      : Starting EmployeePayrollAppApplication using Java 14.0.2 on MSamI with PID 11604 (C:\Users\PC\eclipse-workspace\EmployeePayrollApp\target\classes started by Samyak in C:\Users\PC\eclipse-workspace\EmployeePayrollApp)
2020-12-14 15:36:53.178 DEBUG 11604 --- [restartedMain] c.b.e.EmployeePayrollAppApplication      : Running with Spring Boot v2.4.0, Spring v5.3.1
2020-12-14 15:36:53.178  INFO 11604 --- [restartedMain] c.b.e.EmployeePayrollAppApplication      : The following profiles are active: dev
2020-12-14 15:36:53.789  WARN 11604 --- [restartedMain] JpaBaseConfiguration$JpaWebConfiguration : spring.jpa.open-in-view is enabled by default. Therefore, database queries may be performed during view rendering. Explicitly configure spring.jpa.open-in-view to disable this warning
2020-12-14 15:36:53.997  INFO 11604 --- [restartedMain] c.b.e.EmployeePayrollAppApplication      : Started EmployeePayrollAppApplication in 0.864 seconds (JVM running for 1946.206)
2020-12-14 15:37:14.061  INFO 11604 --- [restartedMain] c.b.e.EmployeePayrollAppApplication      : Starting EmployeePayrollAppApplication using Java 14.0.2 on MSamI with PID 11604 (C:\Users\PC\eclipse-workspace\EmployeePayrollApp\target\classes started by Samyak in C:\Users\PC\eclipse-workspace\EmployeePayrollApp)
2020-12-14 15:37:14.061 DEBUG 11604 --- [restartedMain] c.b.e.EmployeePayrollAppApplication      : Running with Spring Boot v2.4.0, Spring v5.3.1
2020-12-14 15:37:14.062  INFO 11604 --- [restartedMain] c.b.e.EmployeePayrollAppApplication      : The following profiles are active: dev
2020-12-14 15:37:14.685  WARN 11604 --- [restartedMain] JpaBaseConfiguration$JpaWebConfiguration : spring.jpa.open-in-view is enabled by default. Therefore, database queries may be performed during view rendering. Explicitly configure spring.jpa.open-in-view to disable this warning
2020-12-14 15:37:14.919  INFO 11604 --- [restartedMain] c.b.e.EmployeePayrollAppApplication      : Started EmployeePayrollAppApplication in 0.902 seconds (JVM running for 1967.127)
2020-12-14 15:38:31.466  INFO 11604 --- [restartedMain] c.b.e.EmployeePayrollAppApplication      : Starting EmployeePayrollAppApplication using Java 14.0.2 on MSamI with PID 11604 (C:\Users\PC\eclipse-workspace\EmployeePayrollApp\target\classes started by Samyak in C:\Users\PC\eclipse-workspace\EmployeePayrollApp)
2020-12-14 15:38:31.467 DEBUG 11604 --- [restartedMain] c.b.e.EmployeePayrollAppApplication      : Running with Spring Boot v2.4.0, Spring v5.3.1
2020-12-14 15:38:31.468  INFO 11604 --- [restartedMain] c.b.e.EmployeePayrollAppApplication      : The following profiles are active: dev
2020-12-14 15:38:32.095  WARN 11604 --- [restartedMain] JpaBaseConfiguration$JpaWebConfiguration : spring.jpa.open-in-view is enabled by default. Therefore, database queries may be performed during view rendering. Explicitly configure spring.jpa.open-in-view to disable this warning
2020-12-14 15:38:32.341  INFO 11604 --- [restartedMain] c.b.e.EmployeePayrollAppApplication      : Started EmployeePayrollAppApplication in 0.917 seconds (JVM running for 2044.55)
2020-12-14 15:38:43.157  INFO 11604 --- [restartedMain] c.b.e.EmployeePayrollAppApplication      : Starting EmployeePayrollAppApplication using Java 14.0.2 on MSamI with PID 11604 (C:\Users\PC\eclipse-workspace\EmployeePayrollApp\target\classes started by Samyak in C:\Users\PC\eclipse-workspace\EmployeePayrollApp)
2020-12-14 15:38:43.158 DEBUG 11604 --- [restartedMain] c.b.e.EmployeePayrollAppApplication      : Running with Spring Boot v2.4.0, Spring v5.3.1
2020-12-14 15:38:43.158  INFO 11604 --- [restartedMain] c.b.e.EmployeePayrollAppApplication      : The following profiles are active: dev
2020-12-14 15:38:43.762  WARN 11604 --- [restartedMain] JpaBaseConfiguration$JpaWebConfiguration : spring.jpa.open-in-view is enabled by default. Therefore, database queries may be performed during view rendering. Explicitly configure spring.jpa.open-in-view to disable this warning
2020-12-14 15:38:43.997  INFO 11604 --- [restartedMain] c.b.e.EmployeePayrollAppApplication      : Started EmployeePayrollAppApplication in 0.892 seconds (JVM running for 2056.206)
2020-12-14 15:38:47.700  INFO 11604 --- [restartedMain] c.b.e.EmployeePayrollAppApplication      : Starting EmployeePayrollAppApplication using Java 14.0.2 on MSamI with PID 11604 (C:\Users\PC\eclipse-workspace\EmployeePayrollApp\target\classes started by Samyak in C:\Users\PC\eclipse-workspace\EmployeePayrollApp)
2020-12-14 15:38:47.702 DEBUG 11604 --- [restartedMain] c.b.e.EmployeePayrollAppApplication      : Running with Spring Boot v2.4.0, Spring v5.3.1
2020-12-14 15:38:47.702  INFO 11604 --- [restartedMain] c.b.e.EmployeePayrollAppApplication      : The following profiles are active: dev
2020-12-14 15:38:48.369  WARN 11604 --- [restartedMain] JpaBaseConfiguration$JpaWebConfiguration : spring.jpa.open-in-view is enabled by default. Therefore, database queries may be performed during view rendering. Explicitly configure spring.jpa.open-in-view to disable this warning
2020-12-14 15:38:48.605  INFO 11604 --- [restartedMain] c.b.e.EmployeePayrollAppApplication      : Started EmployeePayrollAppApplication in 0.967 seconds (JVM running for 2060.815)
2020-12-14 15:41:33.987  INFO 11604 --- [restartedMain] c.b.e.EmployeePayrollAppApplication      : Starting EmployeePayrollAppApplication using Java 14.0.2 on MSamI with PID 11604 (C:\Users\PC\eclipse-workspace\EmployeePayrollApp\target\classes started by Samyak in C:\Users\PC\eclipse-workspace\EmployeePayrollApp)
2020-12-14 15:41:33.989 DEBUG 11604 --- [restartedMain] c.b.e.EmployeePayrollAppApplication      : Running with Spring Boot v2.4.0, Spring v5.3.1
2020-12-14 15:41:33.989  INFO 11604 --- [restartedMain] c.b.e.EmployeePayrollAppApplication      : The following profiles are active: dev
2020-12-14 15:41:34.646  WARN 11604 --- [restartedMain] JpaBaseConfiguration$JpaWebConfiguration : spring.jpa.open-in-view is enabled by default. Therefore, database queries may be performed during view rendering. Explicitly configure spring.jpa.open-in-view to disable this warning
2020-12-14 15:41:34.910  INFO 11604 --- [restartedMain] c.b.e.EmployeePayrollAppApplication      : Started EmployeePayrollAppApplication in 0.97 seconds (JVM running for 2227.119)
2020-12-14 15:42:09.065  INFO 11604 --- [restartedMain] c.b.e.EmployeePayrollAppApplication      : Starting EmployeePayrollAppApplication using Java 14.0.2 on MSamI with PID 11604 (C:\Users\PC\eclipse-workspace\EmployeePayrollApp\target\classes started by Samyak in C:\Users\PC\eclipse-workspace\EmployeePayrollApp)
2020-12-14 15:42:09.066 DEBUG 11604 --- [restartedMain] c.b.e.EmployeePayrollAppApplication      : Running with Spring Boot v2.4.0, Spring v5.3.1
2020-12-14 15:42:09.066  INFO 11604 --- [restartedMain] c.b.e.EmployeePayrollAppApplication      : The following profiles are active: dev
2020-12-14 15:42:09.649  WARN 11604 --- [restartedMain] JpaBaseConfiguration$JpaWebConfiguration : spring.jpa.open-in-view is enabled by default. Therefore, database queries may be performed during view rendering. Explicitly configure spring.jpa.open-in-view to disable this warning
2020-12-14 15:42:09.874  INFO 11604 --- [restartedMain] c.b.e.EmployeePayrollAppApplication      : Started EmployeePayrollAppApplication in 0.852 seconds (JVM running for 2262.082)
2020-12-14 16:27:17.333  INFO 14904 --- [restartedMain] c.b.e.EmployeePayrollAppApplication      : Starting EmployeePayrollAppApplication using Java 14.0.2 on MSamI with PID 14904 (C:\Users\PC\eclipse-workspace\EmployeePayrollApp\target\classes started by Samyak in C:\Users\PC\eclipse-workspace\EmployeePayrollApp)
2020-12-14 16:27:17.335 DEBUG 14904 --- [restartedMain] c.b.e.EmployeePayrollAppApplication      : Running with Spring Boot v2.4.0, Spring v5.3.1
2020-12-14 16:27:17.335  INFO 14904 --- [restartedMain] c.b.e.EmployeePayrollAppApplication      : The following profiles are active: dev
2020-12-14 16:27:17.952  WARN 14904 --- [restartedMain] JpaBaseConfiguration$JpaWebConfiguration : spring.jpa.open-in-view is enabled by default. Therefore, database queries may be performed during view rendering. Explicitly configure spring.jpa.open-in-view to disable this warning
2020-12-14 16:27:18.188  INFO 14904 --- [restartedMain] c.b.e.EmployeePayrollAppApplication      : Started EmployeePayrollAppApplication in 0.942 seconds (JVM running for 1039.524)
2020-12-14 16:27:18.192  INFO 14904 --- [restartedMain] c.b.e.EmployeePayrollAppApplication      : Employee payroll app started started in COMMON environment
2020-12-14 16:27:18.192  INFO 14904 --- [restartedMain] c.b.e.EmployeePayrollAppApplication      : Employee payroll DB user root 
2020-12-14 16:37:00.817  INFO 14904 --- [restartedMain] c.b.e.EmployeePayrollAppApplication      : Starting EmployeePayrollAppApplication using Java 14.0.2 on MSamI with PID 14904 (C:\Users\PC\eclipse-workspace\EmployeePayrollApp\target\classes started by Samyak in C:\Users\PC\eclipse-workspace\EmployeePayrollApp)
2020-12-14 16:37:00.817 DEBUG 14904 --- [restartedMain] c.b.e.EmployeePayrollAppApplication      : Running with Spring Boot v2.4.0, Spring v5.3.1
2020-12-14 16:37:00.818  INFO 14904 --- [restartedMain] c.b.e.EmployeePayrollAppApplication      : The following profiles are active: dev
2020-12-14 16:37:01.479  WARN 14904 --- [restartedMain] JpaBaseConfiguration$JpaWebConfiguration : spring.jpa.open-in-view is enabled by default. Therefore, database queries may be performed during view rendering. Explicitly configure spring.jpa.open-in-view to disable this warning
2020-12-14 16:37:01.760  INFO 14904 --- [restartedMain] c.b.e.EmployeePayrollAppApplication      : Started EmployeePayrollAppApplication in 1.014 seconds (JVM running for 1623.095)
2020-12-14 16:37:01.763  INFO 14904 --- [restartedMain] c.b.e.EmployeePayrollAppApplication      : Employee payroll app started started in COMMON environment
2020-12-14 16:37:01.763  INFO 14904 --- [restartedMain] c.b.e.EmployeePayrollAppApplication      : Employee payroll DB user root 
2020-12-14 16:37:33.958  INFO 14904 --- [restartedMain] c.b.e.EmployeePayrollAppApplication      : Starting EmployeePayrollAppApplication using Java 14.0.2 on MSamI with PID 14904 (C:\Users\PC\eclipse-workspace\EmployeePayrollApp\target\classes started by Samyak in C:\Users\PC\eclipse-workspace\EmployeePayrollApp)
2020-12-14 16:37:33.959 DEBUG 14904 --- [restartedMain] c.b.e.EmployeePayrollAppApplication      : Running with Spring Boot v2.4.0, Spring v5.3.1
2020-12-14 16:37:33.959  INFO 14904 --- [restartedMain] c.b.e.EmployeePayrollAppApplication      : The following profiles are active: dev
2020-12-14 16:37:34.704  WARN 14904 --- [restartedMain] JpaBaseConfiguration$JpaWebConfiguration : spring.jpa.open-in-view is enabled by default. Therefore, database queries may be performed during view rendering. Explicitly configure spring.jpa.open-in-view to disable this warning
2020-12-14 16:37:34.957  INFO 14904 --- [restartedMain] c.b.e.EmployeePayrollAppApplication      : Started EmployeePayrollAppApplication in 1.051 seconds (JVM running for 1656.293)
2020-12-14 16:37:34.961  INFO 14904 --- [restartedMain] c.b.e.EmployeePayrollAppApplication      : Employee payroll app started started in COMMON environment
2020-12-14 16:37:34.961  INFO 14904 --- [restartedMain] c.b.e.EmployeePayrollAppApplication      : Employee payroll DB user root 
2020-12-14 16:38:24.671  INFO 14904 --- [restartedMain] c.b.e.EmployeePayrollAppApplication      : Starting EmployeePayrollAppApplication using Java 14.0.2 on MSamI with PID 14904 (C:\Users\PC\eclipse-workspace\EmployeePayrollApp\target\classes started by Samyak in C:\Users\PC\eclipse-workspace\EmployeePayrollApp)
2020-12-14 16:38:24.672 DEBUG 14904 --- [restartedMain] c.b.e.EmployeePayrollAppApplication      : Running with Spring Boot v2.4.0, Spring v5.3.1
2020-12-14 16:38:24.672  INFO 14904 --- [restartedMain] c.b.e.EmployeePayrollAppApplication      : The following profiles are active: dev
2020-12-14 16:38:25.283  WARN 14904 --- [restartedMain] JpaBaseConfiguration$JpaWebConfiguration : spring.jpa.open-in-view is enabled by default. Therefore, database queries may be performed during view rendering. Explicitly configure spring.jpa.open-in-view to disable this warning
2020-12-14 16:38:25.511  INFO 14904 --- [restartedMain] c.b.e.EmployeePayrollAppApplication      : Started EmployeePayrollAppApplication in 0.888 seconds (JVM running for 1706.846)
2020-12-14 16:38:25.515  INFO 14904 --- [restartedMain] c.b.e.EmployeePayrollAppApplication      : Employee payroll app started started in COMMON environment
2020-12-14 16:38:25.516  INFO 14904 --- [restartedMain] c.b.e.EmployeePayrollAppApplication      : Employee payroll DB user root 
2020-12-14 16:38:44.530  INFO 14904 --- [restartedMain] c.b.e.EmployeePayrollAppApplication      : Starting EmployeePayrollAppApplication using Java 14.0.2 on MSamI with PID 14904 (C:\Users\PC\eclipse-workspace\EmployeePayrollApp\target\classes started by Samyak in C:\Users\PC\eclipse-workspace\EmployeePayrollApp)
2020-12-14 16:38:44.531 DEBUG 14904 --- [restartedMain] c.b.e.EmployeePayrollAppApplication      : Running with Spring Boot v2.4.0, Spring v5.3.1
2020-12-14 16:38:44.532  INFO 14904 --- [restartedMain] c.b.e.EmployeePayrollAppApplication      : The following profiles are active: dev
2020-12-14 16:38:45.255  WARN 14904 --- [restartedMain] JpaBaseConfiguration$JpaWebConfiguration : spring.jpa.open-in-view is enabled by default. Therefore, database queries may be performed during view rendering. Explicitly configure spring.jpa.open-in-view to disable this warning
2020-12-14 16:38:45.537  INFO 14904 --- [restartedMain] c.b.e.EmployeePayrollAppApplication      : Started EmployeePayrollAppApplication in 1.071 seconds (JVM running for 1726.873)
2020-12-14 16:38:45.542  INFO 14904 --- [restartedMain] c.b.e.EmployeePayrollAppApplication      : Employee payroll app started started in COMMON environment
2020-12-14 16:38:45.543  INFO 14904 --- [restartedMain] c.b.e.EmployeePayrollAppApplication      : Employee payroll DB user root 
2020-12-14 16:53:15.429  INFO 21648 --- [restartedMain] c.b.e.EmployeePayrollAppApplication      : Starting EmployeePayrollAppApplication using Java 14.0.2 on MSamI with PID 21648 (C:\Users\PC\eclipse-workspace\EmployeePayrollApp\target\classes started by Samyak in C:\Users\PC\eclipse-workspace\EmployeePayrollApp)
2020-12-14 16:53:15.430 DEBUG 21648 --- [restartedMain] c.b.e.EmployeePayrollAppApplication      : Running with Spring Boot v2.4.0, Spring v5.3.1
2020-12-14 16:53:15.430  INFO 21648 --- [restartedMain] c.b.e.EmployeePayrollAppApplication      : The following profiles are active: dev
2020-12-14 16:53:16.060  WARN 21648 --- [restartedMain] JpaBaseConfiguration$JpaWebConfiguration : spring.jpa.open-in-view is enabled by default. Therefore, database queries may be performed during view rendering. Explicitly configure spring.jpa.open-in-view to disable this warning
2020-12-14 16:53:16.293  INFO 21648 --- [restartedMain] c.b.e.EmployeePayrollAppApplication      : Started EmployeePayrollAppApplication in 0.944 seconds (JVM running for 263.242)
2020-12-14 16:53:16.297  INFO 21648 --- [restartedMain] c.b.e.EmployeePayrollAppApplication      : Employee payroll app started started in DEV environment
2020-12-14 16:53:16.297  INFO 21648 --- [restartedMain] c.b.e.EmployeePayrollAppApplication      : Employee payroll DB user root 
